<?xml version="1.0" encoding="UTF-8"?>
<testng-results skipped="0" failed="0" total="1" passed="1">
  <reporter-output>
  </reporter-output>
  <suite name="Default suite" duration-ms="40482" started-at="2015-07-19T20:37:33Z" finished-at="2015-07-19T20:38:13Z">
    <groups>
    </groups>
    <test name="Default test" duration-ms="40482" started-at="2015-07-19T20:37:33Z" finished-at="2015-07-19T20:38:13Z">
      <class name="com.epam.test_gmail.ForwardTest2">
        <test-method status="PASS" signature="setUp()[pri:0, instance:com.epam.test_gmail.ForwardTest2@1f37ef1]" name="setUp" is-config="true" duration-ms="11234" started-at="2015-07-19T23:37:33Z" description="Init Browser" finished-at="2015-07-19T23:37:44Z">
          <reporter-output>
          </reporter-output>
        </test-method> <!-- setUp -->
        <test-method status="PASS" signature="forward()[pri:0, instance:com.epam.test_gmail.ForwardTest2@1f37ef1]" name="forward" duration-ms="8" started-at="2015-07-19T23:37:44Z" finished-at="2015-07-19T23:37:44Z">
          <reporter-output>
          </reporter-output>
        </test-method> <!-- forward -->
        <test-method status="PASS" signature="afterClass()[pri:0, instance:com.epam.test_gmail.ForwardTest2@1f37ef1]" name="afterClass" is-config="true" duration-ms="28222" started-at="2015-07-19T23:37:44Z" finished-at="2015-07-19T23:38:12Z">
          <reporter-output>
          </reporter-output>
        </test-method> <!-- afterClass -->
        <test-method status="PASS" signature="stopBrowser()[pri:0, instance:com.epam.test_gmail.ForwardTest2@1f37ef1]" name="stopBrowser" is-config="true" duration-ms="996" started-at="2015-07-19T23:38:12Z" description="Stop Browser" finished-at="2015-07-19T23:38:13Z">
          <reporter-output>
          </reporter-output>
        </test-method> <!-- stopBrowser -->
      </class> <!-- com.epam.test_gmail.ForwardTest2 -->
    </test> <!-- Default test -->
  </suite> <!-- Default suite -->
</testng-results>
